#
# A fatal error has been detected by the Java Runtime Environment:
#
#  EXCEPTION_ACCESS_VIOLATION (0xc0000005) at pc=0x7908eb4f, pid=560, tid=576
#
# JRE version: 6.0_45-b06
# Java VM: Java HotSpot(TM) Client VM (20.45-b01 mixed mode, sharing windows-x86 )
# Problematic frame:
# C  0x7908eb4f
#
# If you would like to submit a bug report, please visit:
#   http://java.sun.com/webapps/bugreport/crash.jsp
# The crash happened outside the Java Virtual Machine in native code.
# See problematic frame for where to report the bug.
#

---------------  T H R E A D  ---------------

Current thread (0x00cb8800):  JavaThread "Minecraft main thread" [_thread_in_native, id=576, stack(0x014b0000,0x015b0000)]

siginfo: ExceptionCode=0xc0000005, reading address 0x00000030

Registers:
EAX=0x00000000, EBX=0x7f5cbf30, ECX=0x015b3ac0, EDX=0x00000001
ESP=0x015addd0, EBP=0x00000000, ESI=0x210e5f80, EDI=0x00000f00
EIP=0x7908eb4f, EFLAGS=0x00210202

Top of Stack: (sp=0x015addd0)
0x015addd0:   00000001 00e0a640 00000000 00000f00
0x015adde0:   00000e60 00000f51 7df01570 00008000
0x015addf0:   00000e60 eda96000 00000000 7f5cbf30
0x015ade00:   210e5f80 00000f00 7f5cbf48 7f5cbf30
0x015ade10:   210e5f80 00000f00 7f5cbf48 790b6c7c
0x015ade20:   00000000 210e5f80 00000f00 7903b63b
0x015ade30:   00000f00 005cbf30 00000f51 7903b6bc
0x015ade40:   00000000 00000000 00200000 00000014 

Instructions: (pc=0x7908eb4f)
0x7908eb2f:   89 5c 24 10 83 c4 08 5b e9 c4 84 02 00 66 90 66
0x7908eb3f:   90 55 57 56 53 83 ec 3c 8b 6c 24 50 8b 74 24 54
0x7908eb4f:   83 7d 30 01 74 33 8d 45 34 ff b5 38 16 00 00 ff
0x7908eb5f:   74 24 5c 56 50 e8 97 f2 ff ff 8b 44 24 68 83 c4 


Register to memory mapping:

EAX=0x00000000 is an unknown value
EBX=0x7f5cbf30 is an unknown value
ECX=0x015b3ac0 is an unknown value
EDX=0x00000001 is an unknown value
ESP=0x015addd0 is pointing into the stack for thread: 0x00cb8800
EBP=0x00000000 is an unknown value
ESI=0x210e5f80 is an unknown value
EDI=0x00000f00 is an unknown value


Stack: [0x014b0000,0x015b0000],  sp=0x015addd0,  free space=1015k
Native frames: (J=compiled Java code, j=interpreted, Vv=VM code, C=native code)
C  0x7908eb4f

[error occurred during error reporting (printing native stack), id 0xc0000005]

Java frames: (J=compiled Java code, j=interpreted, Vv=VM code)
J  org.lwjgl.opengl.GL11.nglDrawArrays(IIIJ)V
J  bfq.a()I
j  bbs.a(Lbfq;F)V+194
j  bcp.a(Lbfq;F)V+19
j  bcu.d(F)V+52
J  bcu.a(F)V
j  bhj.a(Luf;)V+40
J  bfj.a(F)V
J  bfe.b(FI)V
J  bfe.a(FJ)V
J  bfe.b(F)V
J  atv.S()V
J  atv.d()V
j  net.minecraft.client.main.Main.main([Ljava/lang/String;)V+768
v  ~StubRoutines::call_stub

---------------  P R O C E S S  ---------------

Java Threads: ( => current thread )
  0x05697400 JavaThread "Client write thread" [_thread_blocked, id=720, stack(0x0cd30000,0x0ce30000)]
  0x05696c00 JavaThread "Client read thread" [_thread_in_native, id=716, stack(0x0ca00000,0x0cb00000)]
  0x056ddc00 JavaThread "Thread-11" daemon [_thread_in_native, id=680, stack(0x0cb10000,0x0cc10000)]
  0x04c7b000 JavaThread "LWJGL Timer" daemon [_thread_blocked, id=668, stack(0x0c7e0000,0x0c8e0000)]
  0x05267c00 JavaThread "Thread-6" [_thread_blocked, id=636, stack(0x07830000,0x07930000)]
  0x04c2d000 JavaThread "Thread-5" [_thread_blocked, id=632, stack(0x05f00000,0x06000000)]
  0x04ac6400 JavaThread "Java2D Disposer" daemon [_thread_blocked, id=620, stack(0x05ca0000,0x05da0000)]
  0x04a91c00 JavaThread "Timer hack thread" daemon [_thread_blocked, id=616, stack(0x05b90000,0x05c90000)]
  0x041a3c00 JavaThread "Snooper Timer" daemon [_thread_blocked, id=612, stack(0x04980000,0x04a80000)]
  0x00d25000 JavaThread "Low Memory Detector" daemon [_thread_blocked, id=604, stack(0x03ea0000,0x03fa0000)]
  0x00d23400 JavaThread "C1 CompilerThread0" daemon [_thread_blocked, id=600, stack(0x03d90000,0x03e90000)]
  0x00d21c00 JavaThread "Attach Listener" daemon [_thread_blocked, id=596, stack(0x03c80000,0x03d80000)]
  0x00d20800 JavaThread "Signal Dispatcher" daemon [_thread_blocked, id=592, stack(0x03b70000,0x03c70000)]
  0x00d1a000 JavaThread "Finalizer" daemon [_thread_blocked, id=588, stack(0x03a60000,0x03b60000)]
  0x00d18800 JavaThread "Reference Handler" daemon [_thread_blocked, id=584, stack(0x03950000,0x03a50000)]
=>0x00cb8800 JavaThread "Minecraft main thread" [_thread_in_native, id=576, stack(0x014b0000,0x015b0000)]

Other Threads:
  0x00cdc400 VMThread [stack: 0x03840000,0x03940000] [id=580]
  0x00d34000 WatcherThread [stack: 0x03fb0000,0x040b0000] [id=608]

VM state:not at safepoint (normal execution)

VM Mutex/Monitor currently owned by a thread: None

Heap
 def new generation   total 41664K, used 23335K [0x3b930000, 0x3e660000, 0x463d0000)
  eden space 37056K,  57% used [0x3b930000, 0x3cdd7f38, 0x3dd60000)
  from space 4608K,  47% used [0x3dd60000, 0x3df81e20, 0x3e1e0000)
  to   space 4608K,   0% used [0x3e1e0000, 0x3e1e0000, 0x3e660000)
 tenured generation   total 92388K, used 63399K [0x463d0000, 0x4be09000, 0x5b930000)
   the space 92388K,  68% used [0x463d0000, 0x4a1b9d38, 0x4a1b9e00, 0x4be09000)
 compacting perm gen  total 12288K, used 10547K [0x5b930000, 0x5c530000, 0x5f930000)
   the space 12288K,  85% used [0x5b930000, 0x5c37cfb8, 0x5c37d000, 0x5c530000)
    ro space 10240K,  51% used [0x5f930000, 0x5fe63000, 0x5fe63000, 0x60330000)
    rw space 12288K,  55% used [0x60330000, 0x609ce4f8, 0x609ce600, 0x60f30000)

Code Cache  [0x015c0000, 0x01be8000, 0x035c0000)
 total_blobs=2651 nmethods=2335 adapters=250 free_code_cache=27104576 largest_free_block=256

Dynamic libraries:
0x00400000 - 0x00425000 	C:\Program Files\Java\jre6\bin\javaw.exe
0x7bc00000 - 0x7bea9000 	C:\windows\system32\ntdll.dll
0x7b600000 - 0x7b929000 	C:\windows\system32\kernel32.dll
0x7b000000 - 0x7b348000 	C:\windows\system32\kernelbase.dll
0x61740000 - 0x61832000 	C:\windows\system32\ADVAPI32.dll
0x6a280000 - 0x6a4cd000 	C:\Program Files\Java\jre6\bin\msvcrt.dll
0x6bc00000 - 0x6bc99000 	C:\windows\system32\sechost.dll
0x70b40000 - 0x70df9000 	C:\windows\system32\ucrtbase.dll
0x6ed00000 - 0x6f389000 	C:\windows\system32\USER32.dll
0x6c9c0000 - 0x6cf59000 	C:\windows\system32\gdi32.dll
0x6bcc0000 - 0x6be60000 	C:\windows\system32\setupapi.dll
0x62fc0000 - 0x631d3000 	C:\windows\system32\rpcrt4.dll
0x63480000 - 0x6349b000 	C:\windows\system32\version.dll
0x71200000 - 0x71251000 	C:\windows\system32\imm32.dll
0x6e800000 - 0x6ea45000 	C:\Program Files\Java\jre6\bin\msvcr71.dll
0x6d810000 - 0x6dac0000 	C:\Program Files\Java\jre6\bin\client\jvm.dll
0x00dc0000 - 0x00f26000 	C:\windows\system32\WINMM.dll
0x6a040000 - 0x6a0a2000 	C:\windows\system32\msacm32.dll
0x00f30000 - 0x01396000 	C:\windows\system32\ole32.dll
0x68500000 - 0x68640000 	C:\windows\system32\combase.dll
0x6d7c0000 - 0x6d7cc000 	C:\Program Files\Java\jre6\bin\verify.dll
0x6d330000 - 0x6d34f000 	C:\Program Files\Java\jre6\bin\java.dll
0x6d800000 - 0x6d80f000 	C:\Program Files\Java\jre6\bin\zip.dll
0x10000000 - 0x1004c000 	C:\users\matthew\Bureau\Server TP minecraft\TP Minecraft avec python 3\03 MINECRAFT\Minecraft Portable\Minecraft Portable\Data\.minecraft\versions\1.6.4\1.6.4-natives-224261546107800\lwjgl.dll
0x7a820000 - 0x7a938000 	C:\windows\system32\OPENGL32.dll
0x041d0000 - 0x04675000 	C:\windows\winsxs\x86_microsoft.windows.common-controls_6595b64144ccf1df_6.0.2600.2982_none_deadbeef\COMCTL32.dll
0x7f620000 - 0x7f6ad000 	C:\windows\system32\winex11.drv
0x68700000 - 0x68788000 	C:\windows\system32\uxtheme.dll
0x6d610000 - 0x6d623000 	C:\Program Files\Java\jre6\bin\net.dll
0x7f130000 - 0x7f168000 	C:\windows\system32\WS2_32.dll
0x7f110000 - 0x7f12b000 	C:\windows\system32\iphlpapi.dll
0x6d630000 - 0x6d639000 	C:\Program Files\Java\jre6\bin\nio.dll
0x6d000000 - 0x6d14c000 	C:\Program Files\Java\jre6\bin\awt.dll
0x7f0c0000 - 0x7f0fd000 	C:\windows\system32\WINSPOOL.DRV
0x07940000 - 0x079a5000 	C:\users\matthew\Bureau\Server TP minecraft\TP Minecraft avec python 3\03 MINECRAFT\Minecraft Portable\Minecraft Portable\data\.minecraft\versions\1.6.4\1.6.4-natives-224261546107800\OpenAL32.dll
0x7c640000 - 0x7d000000 	C:\windows\system32\SHELL32.dll
0x64a40000 - 0x64b29000 	C:\windows\system32\shlwapi.dll
0x63bc0000 - 0x63c04000 	C:\windows\system32\shcore.dll
0x67d40000 - 0x67db9000 	C:\windows\system32\mmdevapi.dll
0x64ec0000 - 0x652b9000 	C:\windows\system32\oleaut32.dll
0x7d920000 - 0x7d949000 	C:\windows\system32\winepulse.drv
0x682c0000 - 0x683e7000 	C:\windows\system32\dsound.dll
0x6d7a0000 - 0x6d7a8000 	C:\Program Files\Java\jre6\bin\sunmscapi.dll
0x0c520000 - 0x0c7d9000 	C:\windows\system32\CRYPT32.dll
0x66240000 - 0x66288000 	C:\windows\system32\bcrypt.dll
0x6d560000 - 0x6d569000 	C:\Program Files\Java\jre6\bin\management.dll
0x05e00000 - 0x05e0f000 	C:\windows\system32\PSAPI.DLL
0x0ce40000 - 0x0d042000 	C:\windows\system32\dbghelp.dll
0x05e10000 - 0x05e3a000 	C:\windows\system32\zlib1.dll

VM Arguments:
jvm_args: -XX:HeapDumpPath=MojangTricksIntelDriversForPerformance_javaw.exe_minecraft.exe.heapdump -Xmx512M -Djava.library.path=C:\users\matthew\Bureau\Server TP minecraft\TP Minecraft avec python 3\03 MINECRAFT\Minecraft Portable\Minecraft Portable\data\.minecraft\versions\1.6.4\1.6.4-natives-224261546107800 
java_command: net.minecraft.client.main.Main --username HERRIOT --session 1337535510N --version 1.6.4 --gameDir C:\users\matthew\Bureau\Server TP minecraft\TP Minecraft avec python 3\03 MINECRAFT\Minecraft Portable\Minecraft Portable\data\.minecraft --assetsDir C:\users\matthew\Bureau\Server TP minecraft\TP Minecraft avec python 3\03 MINECRAFT\Minecraft Portable\Minecraft Portable\data\.minecraft\assets\virtual\legacy
Launcher Type: SUN_STANDARD

Environment Variables:
PATH=C:\windows\system32;C:\windows;C:\windows\system32\wbem;C:\windows\system32\WindowsPowershell\v1.0;C:\Program Files\Java\jre6\bin
USERNAME=matthew
SHELL=/bin/bash
DISPLAY=:0
MACHTYPE=x86_64-pc-linux-gnu
OS=Windows_NT
PROCESSOR_IDENTIFIER=x86 Family 6 Model 158 Stepping 9, GenuineIntel



---------------  S Y S T E M  ---------------

OS: Windows 7 Build 7601 Service Pack 1

CPU:total 8 (4 cores per cpu, 2 threads per core) family 6 model 158 stepping 9, cmov, cx8, fxsr, mmx, sse, sse2, sse3, ssse3, sse4.1, sse4.2, popcnt, ht

Memory: 4k page, physical 34809120k(23387148k free), swap 34809124k(25484292k free)

vm_info: Java HotSpot(TM) Client VM (20.45-b01) for windows-x86 JRE (1.6.0_45-b06), built on Mar 26 2013 13:40:03 by "java_re" with MS VC++ 7.1 (VS2003)

time: Fri Jan 03 18:37:13 2025
elapsed time: 873 seconds

