#
# A fatal error has been detected by the Java Runtime Environment:
#
#  EXCEPTION_ACCESS_VIOLATION (0xc0000005) at pc=0x793e6a32, pid=1240, tid=1224
#
# JRE version: 6.0_45-b06
# Java VM: Java HotSpot(TM) Client VM (20.45-b01 mixed mode, sharing windows-x86 )
# Problematic frame:
# C  0x793e6a32
#
# If you would like to submit a bug report, please visit:
#   http://java.sun.com/webapps/bugreport/crash.jsp
# The crash happened outside the Java Virtual Machine in native code.
# See problematic frame for where to report the bug.
#

---------------  T H R E A D  ---------------

Current thread (0x00cb8800):  JavaThread "Minecraft main thread" [_thread_in_native, id=1224, stack(0x014b0000,0x015b0000)]

siginfo: ExceptionCode=0xc0000005, writing address 0x00000024

Registers:
EAX=0x0000c9d2, EBX=0x7dc15000, ECX=0x00000000, EDX=0x00000000
ESP=0x015af300, EBP=0x015af348, ESI=0x00000000, EDI=0x00cb8800
EIP=0x793e6a32, EFLAGS=0x00210206

Top of Stack: (sp=0x015af300)
0x015af300:   7d59f690 00000018 fffffe4a 00002d61
0x015af310:   015af378 00cb8800 015af348 79104423
0x015af320:   7dc15000 7c000128 7940b950 7f4f80c0
0x015af330:   015af378 00cb8800 015af348 7a8a2de5
0x015af340:   015af35c 00000000 015af388 10009fb4
0x015af350:   00cb8928 7a8a2db5 10009fb4 018295ab
0x015af360:   00cb8928 015af378 7a8a2db0 00000000
0x015af370:   3bb94aa8 470c28f8 5bdb74d0 ffffffe5 

Instructions: (pc=0x793e6a32)
0x793e6a12:   0c 15 03 00 01 ba 01 00 00 00 89 d8 e8 1d db ff
0x793e6a22:   ff 89 c6 a1 48 38 7f 7a 83 c0 01 a3 48 38 7f 7a
0x793e6a32:   89 46 24 e9 fa fc ff ff 8d b6 00 00 00 00 a1 40
0x793e6a42:   95 7f 7a 85 c0 0f 85 c3 00 00 00 0f b6 05 d0 9f 


Register to memory mapping:

EAX=0x0000c9d2 is an unknown value
EBX=0x7dc15000 is an unknown value
ECX=0x00000000 is an unknown value
EDX=0x00000000 is an unknown value
ESP=0x015af300 is pointing into the stack for thread: 0x00cb8800
EBP=0x015af348 is pointing into the stack for thread: 0x00cb8800
ESI=0x00000000 is an unknown value
EDI=0x00cb8800 is a thread


Stack: [0x014b0000,0x015b0000],  sp=0x015af300,  free space=1020k
Native frames: (J=compiled Java code, j=interpreted, Vv=VM code, C=native code)
C  0x793e6a32
C  [lwjgl.dll+0x9fb4]  _Java_org_lwjgl_opengl_NVPrimitiveRestart_nglPrimitiveRestartNV@16+0x4
J  bfa.a()V
v  ~StubRoutines::call_stub
V  [jvm.dll+0xfb88b]
V  [jvm.dll+0x18d551]
V  [jvm.dll+0xfb90d]
V  [jvm.dll+0x960f6]
V  [jvm.dll+0x9df33]
C  [javaw.exe+0x2155]  EntryPoint+0xffffffff
C  [javaw.exe+0x8624]  EntryPoint+0xffffffff
C  [kernel32.dll+0x2d990]  BaseThreadInitThunk+0x10
C  [ntdll.dll+0x567f7]  RtlUserThreadStart+0x27
C  [ntdll.dll+0x56a50]  RtlCreateUserThread+0x0

Java frames: (J=compiled Java code, j=interpreted, Vv=VM code)
J  org.lwjgl.opengl.GL11.nglEndList(J)V
J  bfa.a()V
J  bfl.a(Lof;Z)Z
J  bfe.a(FJ)V
J  bfe.b(F)V
J  atv.S()V
J  atv.d()V
j  net.minecraft.client.main.Main.main([Ljava/lang/String;)V+768
v  ~StubRoutines::call_stub

---------------  P R O C E S S  ---------------

Java Threads: ( => current thread )
  0x04a98400 JavaThread "Client write thread" [_thread_blocked, id=1440, stack(0x091b0000,0x092b0000)]
  0x04a97c00 JavaThread "Client read thread" [_thread_in_native, id=1436, stack(0x08e80000,0x08f80000)]
  0x0517cc00 JavaThread "Thread-11" daemon [_thread_in_native, id=1452, stack(0x08f90000,0x09090000)]
  0x0519cc00 JavaThread "LWJGL Timer" daemon [_thread_blocked, id=1500, stack(0x08c60000,0x08d60000)]
  0x04dcc400 JavaThread "Thread-6" [_thread_blocked, id=1380, stack(0x06fb0000,0x070b0000)]
  0x04d7fc00 JavaThread "Thread-5" [_thread_blocked, id=424, stack(0x05680000,0x05780000)]
  0x04ac0400 JavaThread "Java2D Disposer" daemon [_thread_blocked, id=416, stack(0x05420000,0x05520000)]
  0x04a91c00 JavaThread "Timer hack thread" daemon [_thread_blocked, id=420, stack(0x05310000,0x05410000)]
  0x041a5400 JavaThread "Snooper Timer" daemon [_thread_blocked, id=488, stack(0x04980000,0x04a80000)]
  0x00d25000 JavaThread "Low Memory Detector" daemon [_thread_blocked, id=1376, stack(0x03ea0000,0x03fa0000)]
  0x00d23400 JavaThread "C1 CompilerThread0" daemon [_thread_blocked, id=436, stack(0x03d90000,0x03e90000)]
  0x00d21c00 JavaThread "Attach Listener" daemon [_thread_blocked, id=444, stack(0x03c80000,0x03d80000)]
  0x00d20800 JavaThread "Signal Dispatcher" daemon [_thread_blocked, id=740, stack(0x03b70000,0x03c70000)]
  0x00d1a000 JavaThread "Finalizer" daemon [_thread_blocked, id=636, stack(0x03a60000,0x03b60000)]
  0x00d18800 JavaThread "Reference Handler" daemon [_thread_blocked, id=1112, stack(0x03950000,0x03a50000)]
=>0x00cb8800 JavaThread "Minecraft main thread" [_thread_in_native, id=1224, stack(0x014b0000,0x015b0000)]

Other Threads:
  0x00cdc400 VMThread [stack: 0x03840000,0x03940000] [id=1116]
  0x00d34400 WatcherThread [stack: 0x03fb0000,0x040b0000] [id=432]

VM state:not at safepoint (normal execution)

VM Mutex/Monitor currently owned by a thread: None

Heap
 def new generation   total 46080K, used 5144K [0x3b930000, 0x3eb30000, 0x463d0000)
  eden space 40960K,   7% used [0x3b930000, 0x3bc01320, 0x3e130000)
  from space 5120K,  44% used [0x3e130000, 0x3e364ec8, 0x3e630000)
  to   space 5120K,   0% used [0x3e630000, 0x3e630000, 0x3eb30000)
 tenured generation   total 102272K, used 87169K [0x463d0000, 0x4c7b0000, 0x5b930000)
   the space 102272K,  85% used [0x463d0000, 0x4b8f04d0, 0x4b8f0600, 0x4c7b0000)
 compacting perm gen  total 12288K, used 10521K [0x5b930000, 0x5c530000, 0x5f930000)
   the space 12288K,  85% used [0x5b930000, 0x5c376650, 0x5c376800, 0x5c530000)
    ro space 10240K,  51% used [0x5f930000, 0x5fe63000, 0x5fe63000, 0x60330000)
    rw space 12288K,  55% used [0x60330000, 0x609ce4f8, 0x609ce600, 0x60f30000)

Code Cache  [0x015c0000, 0x01bc8000, 0x035c0000)
 total_blobs=2693 nmethods=2375 adapters=252 free_code_cache=27257280 largest_free_block=256

Dynamic libraries:
0x00400000 - 0x00425000 	C:\Program Files\Java\jre6\bin\javaw.exe
0x7bc00000 - 0x7bea9000 	C:\windows\system32\ntdll.dll
0x7b600000 - 0x7b929000 	C:\windows\system32\kernel32.dll
0x7b000000 - 0x7b348000 	C:\windows\system32\kernelbase.dll
0x61740000 - 0x61832000 	C:\windows\system32\ADVAPI32.dll
0x6a280000 - 0x6a4cd000 	C:\Program Files\Java\jre6\bin\msvcrt.dll
0x6bc00000 - 0x6bc99000 	C:\windows\system32\sechost.dll
0x70b40000 - 0x70df9000 	C:\windows\system32\ucrtbase.dll
0x6ed00000 - 0x6f389000 	C:\windows\system32\USER32.dll
0x6c9c0000 - 0x6cf59000 	C:\windows\system32\gdi32.dll
0x6bcc0000 - 0x6be60000 	C:\windows\system32\setupapi.dll
0x62fc0000 - 0x631d3000 	C:\windows\system32\rpcrt4.dll
0x63480000 - 0x6349b000 	C:\windows\system32\version.dll
0x71200000 - 0x71251000 	C:\windows\system32\imm32.dll
0x6e800000 - 0x6ea45000 	C:\Program Files\Java\jre6\bin\msvcr71.dll
0x6d810000 - 0x6dac0000 	C:\Program Files\Java\jre6\bin\client\jvm.dll
0x00dc0000 - 0x00f26000 	C:\windows\system32\WINMM.dll
0x6a040000 - 0x6a0a2000 	C:\windows\system32\msacm32.dll
0x00f30000 - 0x01396000 	C:\windows\system32\ole32.dll
0x68500000 - 0x68640000 	C:\windows\system32\combase.dll
0x6d7c0000 - 0x6d7cc000 	C:\Program Files\Java\jre6\bin\verify.dll
0x6d330000 - 0x6d34f000 	C:\Program Files\Java\jre6\bin\java.dll
0x6d800000 - 0x6d80f000 	C:\Program Files\Java\jre6\bin\zip.dll
0x10000000 - 0x1004c000 	C:\users\matthew\Bureau\Server TP minecraft\TP Minecraft avec python 3\03 MINECRAFT\Minecraft Portable\Minecraft Portable\Data\.minecraft\versions\1.6.4\1.6.4-natives-298551708102600\lwjgl.dll
0x7a820000 - 0x7a938000 	C:\windows\system32\OPENGL32.dll
0x041d0000 - 0x04675000 	C:\windows\winsxs\x86_microsoft.windows.common-controls_6595b64144ccf1df_6.0.2600.2982_none_deadbeef\COMCTL32.dll
0x7f470000 - 0x7f500000 	C:\windows\system32\winex11.drv
0x68700000 - 0x68788000 	C:\windows\system32\uxtheme.dll
0x6d610000 - 0x6d623000 	C:\Program Files\Java\jre6\bin\net.dll
0x7f130000 - 0x7f168000 	C:\windows\system32\WS2_32.dll
0x7f110000 - 0x7f12b000 	C:\windows\system32\iphlpapi.dll
0x6d630000 - 0x6d639000 	C:\Program Files\Java\jre6\bin\nio.dll
0x6d000000 - 0x6d14c000 	C:\Program Files\Java\jre6\bin\awt.dll
0x7f0c0000 - 0x7f0fd000 	C:\windows\system32\WINSPOOL.DRV
0x070c0000 - 0x07125000 	C:\users\matthew\Bureau\Server TP minecraft\TP Minecraft avec python 3\03 MINECRAFT\Minecraft Portable\Minecraft Portable\data\.minecraft\versions\1.6.4\1.6.4-natives-298551708102600\OpenAL32.dll
0x7c640000 - 0x7d000000 	C:\windows\system32\SHELL32.dll
0x64a40000 - 0x64b29000 	C:\windows\system32\shlwapi.dll
0x63bc0000 - 0x63c04000 	C:\windows\system32\shcore.dll
0x67d40000 - 0x67db9000 	C:\windows\system32\mmdevapi.dll
0x64ec0000 - 0x652b9000 	C:\windows\system32\oleaut32.dll
0x7d6b0000 - 0x7d6d8000 	C:\windows\system32\winepulse.drv
0x682c0000 - 0x683e7000 	C:\windows\system32\dsound.dll
0x6d7a0000 - 0x6d7a8000 	C:\Program Files\Java\jre6\bin\sunmscapi.dll
0x089a0000 - 0x08c59000 	C:\windows\system32\CRYPT32.dll
0x66240000 - 0x66288000 	C:\windows\system32\bcrypt.dll
0x6d560000 - 0x6d569000 	C:\Program Files\Java\jre6\bin\management.dll
0x07790000 - 0x0779f000 	C:\windows\system32\PSAPI.DLL

VM Arguments:
jvm_args: -XX:HeapDumpPath=MojangTricksIntelDriversForPerformance_javaw.exe_minecraft.exe.heapdump -Xmx512M -Djava.library.path=C:\users\matthew\Bureau\Server TP minecraft\TP Minecraft avec python 3\03 MINECRAFT\Minecraft Portable\Minecraft Portable\data\.minecraft\versions\1.6.4\1.6.4-natives-298551708102600 
java_command: net.minecraft.client.main.Main --username HERRIOT --session 1337535510N --version 1.6.4 --gameDir C:\users\matthew\Bureau\Server TP minecraft\TP Minecraft avec python 3\03 MINECRAFT\Minecraft Portable\Minecraft Portable\data\.minecraft --assetsDir C:\users\matthew\Bureau\Server TP minecraft\TP Minecraft avec python 3\03 MINECRAFT\Minecraft Portable\Minecraft Portable\data\.minecraft\assets\virtual\legacy
Launcher Type: SUN_STANDARD

Environment Variables:
PATH=C:\windows\system32;C:\windows;C:\windows\system32\wbem;C:\windows\system32\WindowsPowershell\v1.0;C:\Program Files\Java\jre6\bin
USERNAME=matthew
SHELL=/bin/bash
DISPLAY=:0
MACHTYPE=x86_64-pc-linux-gnu
OS=Windows_NT
PROCESSOR_IDENTIFIER=x86 Family 6 Model 158 Stepping 9, GenuineIntel



---------------  S Y S T E M  ---------------

OS: Windows 7 Build 7601 Service Pack 1

CPU:total 8 (4 cores per cpu, 2 threads per core) family 6 model 158 stepping 9, cmov, cx8, fxsr, mmx, sse, sse2, sse3, ssse3, sse4.1, sse4.2, popcnt, ht

Memory: 4k page, physical 34809120k(21524252k free), swap 34809124k(23621140k free)

vm_info: Java HotSpot(TM) Client VM (20.45-b01) for windows-x86 JRE (1.6.0_45-b06), built on Mar 26 2013 13:40:03 by "java_re" with MS VC++ 7.1 (VS2003)

time: Sun Jan 05 16:12:42 2025
elapsed time: 437 seconds

