2020-12-03 11:02:57 [SERVER] [INFO] Starting integrated minecraft server version 1.6.4
2020-12-03 11:02:57 [SERVER] [INFO] Generating keypair
2020-12-03 11:02:57 [SERVER] [INFO] Converting map!
2020-12-03 11:02:57 [SERVER] [INFO] Scanning folders...
2020-12-03 11:02:57 [SERVER] [INFO] Total conversion count is 0
2020-12-03 11:03:01 [SERVER] [INFO] Preparing start region for level 0
2020-12-03 11:03:02 [SERVER] [INFO] Preparing spawn area: 28%
2020-12-03 11:03:03 [SERVER] [INFO] Preparing spawn area: 60%
2020-12-03 11:03:04 [SERVER] [INFO] Preparing spawn area: 86%
2020-12-03 11:03:04 [SERVER] [INFO] HERRIOT[/127.0.0.1:0] logged in with entity id 24 at (1618.5, 4.0, 82.5)
2020-12-03 11:03:04 [SERVER] [INFO] HERRIOT joined the game
2020-12-03 11:03:17 [SERVER] [INFO] Saving and pausing game...
2020-12-03 11:03:17 [SERVER] [INFO] Saving chunks for level 'Monde Plat'/Overworld
2020-12-03 11:03:17 [SERVER] [INFO] Saving chunks for level 'Monde Plat'/Nether
2020-12-03 11:03:17 [SERVER] [INFO] Saving chunks for level 'Monde Plat'/The End
2020-12-03 11:05:01 [SERVER] [INFO] Saving and pausing game...
2020-12-03 11:05:01 [SERVER] [INFO] Saving chunks for level 'Monde Plat'/Overworld
2020-12-03 11:05:01 [SERVER] [INFO] Saving chunks for level 'Monde Plat'/Nether
2020-12-03 11:05:01 [SERVER] [INFO] Saving chunks for level 'Monde Plat'/The End
2020-12-03 11:05:53 [SERVER] [INFO] Saving and pausing game...
2020-12-03 11:05:53 [SERVER] [INFO] Saving chunks for level 'Monde Plat'/Overworld
2020-12-03 11:05:53 [SERVER] [INFO] Saving chunks for level 'Monde Plat'/Nether
2020-12-03 11:05:53 [SERVER] [INFO] Saving chunks for level 'Monde Plat'/The End
2020-12-03 11:07:03 [SERVER] [INFO] Saving and pausing game...
2020-12-03 11:07:03 [SERVER] [INFO] Saving chunks for level 'Monde Plat'/Overworld
2020-12-03 11:07:03 [SERVER] [INFO] Saving chunks for level 'Monde Plat'/Nether
2020-12-03 11:07:03 [SERVER] [INFO] Saving chunks for level 'Monde Plat'/The End
2020-12-03 11:07:17 [SERVER] [INFO] Stopping server
2020-12-03 11:07:17 [SERVER] [INFO] Saving players
2020-12-03 11:07:17 [SERVER] [INFO] HERRIOT left the game
2020-12-03 11:07:17 [SERVER] [INFO] Saving worlds
2020-12-03 11:07:17 [SERVER] [INFO] Saving chunks for level 'Monde Plat'/Overworld
2020-12-03 11:07:17 [SERVER] [INFO] Saving chunks for level 'Monde Plat'/Nether
2020-12-03 11:07:17 [SERVER] [INFO] Saving chunks for level 'Monde Plat'/The End
2020-12-03 11:07:39 [SERVER] [INFO] Starting integrated minecraft server version 1.6.4
2020-12-03 11:07:39 [SERVER] [INFO] Generating keypair
2020-12-03 11:07:40 [SERVER] [INFO] Preparing start region for level 0
2020-12-03 11:07:40 [SERVER] [INFO] HERRIOT[/127.0.0.1:0] logged in with entity id 28 at (1618.5, 4.0, 82.5)
2020-12-03 11:07:40 [SERVER] [INFO] HERRIOT joined the game
2020-12-03 11:07:44 [SERVER] [INFO] Saving and pausing game...
2020-12-03 11:07:44 [SERVER] [INFO] Saving chunks for level 'Monde Plat'/Overworld
2020-12-03 11:07:44 [SERVER] [INFO] Saving chunks for level 'Monde Plat'/Nether
2020-12-03 11:07:44 [SERVER] [INFO] Saving chunks for level 'Monde Plat'/The End
2020-12-03 11:07:54 [SERVER] [INFO] Saving and pausing game...
2020-12-03 11:07:54 [SERVER] [INFO] Saving chunks for level 'Monde Plat'/Overworld
2020-12-03 11:07:54 [SERVER] [INFO] Saving chunks for level 'Monde Plat'/Nether
2020-12-03 11:07:54 [SERVER] [INFO] Saving chunks for level 'Monde Plat'/The End
2020-12-03 11:08:15 [SERVER] [INFO] Saving and pausing game...
2020-12-03 11:08:15 [SERVER] [INFO] Saving chunks for level 'Monde Plat'/Overworld
2020-12-03 11:08:15 [SERVER] [INFO] Saving chunks for level 'Monde Plat'/Nether
2020-12-03 11:08:15 [SERVER] [INFO] Saving chunks for level 'Monde Plat'/The End
2020-12-03 11:08:18 [SERVER] [INFO] Saving and pausing game...
2020-12-03 11:08:18 [SERVER] [INFO] Saving chunks for level 'Monde Plat'/Overworld
2020-12-03 11:08:18 [SERVER] [INFO] Saving chunks for level 'Monde Plat'/Nether
2020-12-03 11:08:18 [SERVER] [INFO] Saving chunks for level 'Monde Plat'/The End
2020-12-03 11:08:19 [SERVER] [INFO] Stopping server
2020-12-03 11:08:19 [SERVER] [INFO] Saving players
2020-12-03 11:08:19 [SERVER] [INFO] HERRIOT left the game
2020-12-03 11:08:19 [SERVER] [INFO] Saving worlds
2020-12-03 11:08:19 [SERVER] [INFO] Saving chunks for level 'Monde Plat'/Overworld
2020-12-03 11:08:19 [SERVER] [INFO] Saving chunks for level 'Monde Plat'/Nether
2020-12-03 11:08:19 [SERVER] [INFO] Saving chunks for level 'Monde Plat'/The End
2025-01-05 14:46:14 [SERVER] [INFO] Starting integrated minecraft server version 1.6.4
2025-01-05 14:46:14 [SERVER] [INFO] Generating keypair
2025-01-05 14:46:14 [SERVER] [INFO] Converting map!
2025-01-05 14:46:14 [SERVER] [INFO] Scanning folders...
2025-01-05 14:46:14 [SERVER] [INFO] Total conversion count is 0
2025-01-05 14:46:14 [SERVER] [INFO] Preparing start region for level 0
2025-01-05 14:46:15 [SERVER] [INFO] Preparing spawn area: 12%
2025-01-05 14:46:16 [SERVER] [INFO] Preparing spawn area: 24%
2025-01-05 14:46:17 [SERVER] [INFO] Preparing spawn area: 35%
2025-01-05 14:46:18 [SERVER] [INFO] Preparing spawn area: 48%
2025-01-05 14:46:19 [SERVER] [INFO] Preparing spawn area: 58%
2025-01-05 14:46:20 [SERVER] [INFO] Preparing spawn area: 69%
2025-01-05 14:46:21 [SERVER] [INFO] Preparing spawn area: 80%
2025-01-05 14:46:22 [SERVER] [INFO] Preparing spawn area: 92%
2025-01-05 14:46:23 [SERVER] [INFO] HERRIOT[/127.0.0.1:0] logged in with entity id 121 at (106.5, 64.0, 76.5)
2025-01-05 14:46:23 [SERVER] [INFO] HERRIOT joined the game
2025-01-05 14:46:41 [SERVER] [INFO] Saving and pausing game...
2025-01-05 14:46:41 [SERVER] [INFO] Saving chunks for level 'Clean_world'/Overworld
2025-01-05 14:46:41 [SERVER] [INFO] Saving chunks for level 'Clean_world'/Nether
2025-01-05 14:46:41 [SERVER] [INFO] Saving chunks for level 'Clean_world'/The End
2025-01-05 14:47:05 [SERVER] [INFO] Saving and pausing game...
2025-01-05 14:47:05 [SERVER] [INFO] Saving chunks for level 'Clean_world'/Overworld
2025-01-05 14:47:05 [SERVER] [INFO] Saving chunks for level 'Clean_world'/Nether
2025-01-05 14:47:05 [SERVER] [INFO] Saving chunks for level 'Clean_world'/The End
2025-01-05 14:47:13 [SERVER] [INFO] Stopping server
2025-01-05 14:47:13 [SERVER] [INFO] Saving players
2025-01-05 14:47:13 [SERVER] [INFO] HERRIOT left the game
2025-01-05 14:47:13 [SERVER] [INFO] Saving worlds
2025-01-05 14:47:13 [SERVER] [INFO] Saving chunks for level 'Clean_world'/Overworld
2025-01-05 14:47:13 [SERVER] [INFO] Saving chunks for level 'Clean_world'/Nether
2025-01-05 14:47:13 [SERVER] [INFO] Saving chunks for level 'Clean_world'/The End
